<?xml version="1.0" encoding="UTF-8"?>
<testng-results skipped="1" failed="0" total="1" passed="0">
  <reporter-output>
  </reporter-output>
  <suite name="Default suite" duration-ms="4894" started-at="2017-07-05T15:06:38Z" finished-at="2017-07-05T15:06:43Z">
    <groups>
    </groups>
    <test name="Default test" duration-ms="4894" started-at="2017-07-05T15:06:38Z" finished-at="2017-07-05T15:06:43Z">
      <class name="testCases.TC003_SearchPage">
        <test-method status="PASS" signature="beforeSuite()[pri:0, instance:testCases.TC003_SearchPage@1610302]" name="beforeSuite" is-config="true" duration-ms="258" started-at="2017-07-05T20:36:37Z" finished-at="2017-07-05T20:36:38Z">
          <reporter-output>
          </reporter-output>
        </test-method> <!-- beforeSuite -->
        <test-method status="PASS" signature="beforeTest()[pri:0, instance:testCases.TC003_SearchPage@1610302]" name="beforeTest" is-config="true" duration-ms="0" started-at="2017-07-05T20:36:38Z" finished-at="2017-07-05T20:36:38Z">
          <reporter-output>
          </reporter-output>
        </test-method> <!-- beforeTest -->
        <test-method status="PASS" signature="setValues()[pri:0, instance:testCases.TC003_SearchPage@1610302]" name="setValues" is-config="true" duration-ms="0" started-at="2017-07-05T20:36:38Z" finished-at="2017-07-05T20:36:38Z">
          <reporter-output>
          </reporter-output>
        </test-method> <!-- setValues -->
        <test-method status="FAIL" signature="beforeMethod()[pri:0, instance:testCases.TC003_SearchPage@1610302]" name="beforeMethod" is-config="true" duration-ms="0" started-at="2017-07-05T20:36:38Z" finished-at="2017-07-05T20:36:38Z">
          <exception class="java.lang.RuntimeException">
            <message>
              <![CDATA[FAILED]]>
            </message>
            <full-stacktrace>
              <![CDATA[java.lang.RuntimeException: FAILED
	at utils.Reporter.reportStep(Reporter.java:33)
	at wrappers.IPGenericWrappers.invokeApp(IPGenericWrappers.java:134)
	at wrappers.IPGenericWrappers.invokeApp(IPGenericWrappers.java:85)
	at wrappers.IPProjectWrappers.beforeMethod(IPProjectWrappers.java:35)
	at sun.reflect.NativeMethodAccessorImpl.invoke0(Native Method)
	at sun.reflect.NativeMethodAccessorImpl.invoke(Unknown Source)
	at sun.reflect.DelegatingMethodAccessorImpl.invoke(Unknown Source)
	at java.lang.reflect.Method.invoke(Unknown Source)
	at org.testng.internal.MethodInvocationHelper.invokeMethod(MethodInvocationHelper.java:86)
	at org.testng.internal.Invoker.invokeConfigurationMethod(Invoker.java:514)
	at org.testng.internal.Invoker.invokeConfigurations(Invoker.java:215)
	at org.testng.internal.Invoker.invokeMethod(Invoker.java:589)
	at org.testng.internal.Invoker.invokeTestMethod(Invoker.java:820)
	at org.testng.internal.Invoker.invokeTestMethods(Invoker.java:1128)
	at org.testng.internal.TestMethodWorker.invokeTestMethods(TestMethodWorker.java:129)
	at org.testng.internal.TestMethodWorker.run(TestMethodWorker.java:112)
	at org.testng.TestRunner.privateRun(TestRunner.java:782)
	at org.testng.TestRunner.run(TestRunner.java:632)
	at org.testng.SuiteRunner.runTest(SuiteRunner.java:366)
	at org.testng.SuiteRunner.runSequentially(SuiteRunner.java:361)
	at org.testng.SuiteRunner.privateRun(SuiteRunner.java:319)
	at org.testng.SuiteRunner.run(SuiteRunner.java:268)
	at org.testng.SuiteRunnerWorker.runSuite(SuiteRunnerWorker.java:52)
	at org.testng.SuiteRunnerWorker.run(SuiteRunnerWorker.java:86)
	at org.testng.TestNG.runSuitesSequentially(TestNG.java:1244)
	at org.testng.TestNG.runSuitesLocally(TestNG.java:1169)
	at org.testng.TestNG.run(TestNG.java:1064)
	at org.testng.remote.AbstractRemoteTestNG.run(AbstractRemoteTestNG.java:132)
	at org.testng.remote.RemoteTestNG.initAndRun(RemoteTestNG.java:230)
	at org.testng.remote.RemoteTestNG.main(RemoteTestNG.java:76)
]]>
            </full-stacktrace>
          </exception> <!-- java.lang.RuntimeException -->
          <reporter-output>
          </reporter-output>
        </test-method> <!-- beforeMethod -->
        <test-method status="SKIP" signature="intropagelanding()[pri:0, instance:testCases.TC003_SearchPage@1610302]" name="intropagelanding" duration-ms="1" started-at="2017-07-05T20:36:43Z" finished-at="2017-07-05T20:36:43Z">
          <reporter-output>
          </reporter-output>
        </test-method> <!-- intropagelanding -->
        <test-method status="SKIP" signature="afterMethod()[pri:0, instance:testCases.TC003_SearchPage@1610302]" name="afterMethod" is-config="true" duration-ms="0" started-at="2017-07-05T20:36:43Z" finished-at="2017-07-05T20:36:43Z">
          <reporter-output>
          </reporter-output>
        </test-method> <!-- afterMethod -->
        <test-method status="SKIP" signature="afterTest()[pri:0, instance:testCases.TC003_SearchPage@1610302]" name="afterTest" is-config="true" duration-ms="0" started-at="2017-07-05T20:36:43Z" finished-at="2017-07-05T20:36:43Z">
          <reporter-output>
          </reporter-output>
        </test-method> <!-- afterTest -->
        <test-method status="SKIP" signature="afterSuite()[pri:0, instance:testCases.TC003_SearchPage@1610302]" name="afterSuite" is-config="true" duration-ms="0" started-at="2017-07-05T20:36:43Z" finished-at="2017-07-05T20:36:43Z">
          <reporter-output>
          </reporter-output>
        </test-method> <!-- afterSuite -->
      </class> <!-- testCases.TC003_SearchPage -->
    </test> <!-- Default test -->
  </suite> <!-- Default suite -->
</testng-results>
